<component name="libraryTable">
  <library name="junit-4.13-beta-3">
    <CLASSES>
      <root url="jar://H:/SearchPic/junit-4.13-beta-3.jar!/" />
      <root url="jar://H:/SearchPic/hamcrest-core-1.3.jar!/" />
      <root url="file://$PROJECT_DIR$/.." />
    </CLASSES>
    <JAVADOC />
    <SOURCES>
      <root url="file://$PROJECT_DIR$/src" />
      <root url="file://$PROJECT_DIR$/.." />
    </SOURCES>
    <jarDirectory url="file://$PROJECT_DIR$/.." recursive="false" />
    <jarDirectory url="file://$PROJECT_DIR$/.." recursive="false" type="SOURCES" />
  </library>
</component>